[2020-03-23 19:02:46,151] {dag_processing.py:821} INFO - Processing files using up to 2 processes at a time 
[2020-03-23 19:02:46,176] {dag_processing.py:822} INFO - Process each file at most once every 0 seconds
[2020-03-23 19:02:46,178] {dag_processing.py:824} INFO - Checking for new files in /app/dags every 300 seconds
[2020-03-23 19:02:46,185] {dag_processing.py:1292} INFO - Finding 'running' jobs without a recent heartbeat
[2020-03-23 19:02:46,187] {dag_processing.py:1296} INFO - Failing jobs without heartbeat after 2020-03-23 18:57:46.187725+00:00
[2020-03-23 19:02:46,622] {dag_processing.py:1029} INFO - 
================================================================================
DAG File Processing Stats

File Path                                                                                                 PID  Runtime      # DAGs    # Errors  Last Runtime    Last Run
------------------------------------------------------------------------------------------------------  -----  ---------  --------  ----------  --------------  ----------
/usr/local/lib/python3.7/site-packages/airflow/example_dags/example_passing_params_via_test_command.py                           0           0
/usr/local/lib/python3.7/site-packages/airflow/example_dags/example_bash_operator.py                                             0           0
/usr/local/lib/python3.7/site-packages/airflow/example_dags/docker_copy_data.py                                                  0           0
/usr/local/lib/python3.7/site-packages/airflow/example_dags/example_python_operator.py                                           0           0
/usr/local/lib/python3.7/site-packages/airflow/example_dags/example_docker_swarm_operator.py                                     0           0
/usr/local/lib/python3.7/site-packages/airflow/example_dags/example_trigger_controller_dag.py                                    0           0
/usr/local/lib/python3.7/site-packages/airflow/example_dags/example_complex.py                                                   0           0
/usr/local/lib/python3.7/site-packages/airflow/example_dags/example_xcom.py                                                      0           0
/usr/local/lib/python3.7/site-packages/airflow/example_dags/test_utils.py                                                        0           0
/usr/local/lib/python3.7/site-packages/airflow/example_dags/example_pig_operator.py                                              0           0
/usr/local/lib/python3.7/site-packages/airflow/example_dags/example_short_circuit_operator.py                                    0           0
/usr/local/lib/python3.7/site-packages/airflow/example_dags/example_subdag_operator.py                                           0           0
/usr/local/lib/python3.7/site-packages/airflow/example_dags/example_branch_python_dop_operator_3.py                              0           0
/usr/local/lib/python3.7/site-packages/airflow/example_dags/example_latest_only_with_trigger.py                                  0           0
/usr/local/lib/python3.7/site-packages/airflow/example_dags/example_latest_only.py                                               0           0
/usr/local/lib/python3.7/site-packages/airflow/example_dags/example_branch_operator.py                                           0           0
/usr/local/lib/python3.7/site-packages/airflow/example_dags/example_external_task_marker_dag.py                                  0           0
/usr/local/lib/python3.7/site-packages/airflow/example_dags/example_http_operator.py                                             0           0
/usr/local/lib/python3.7/site-packages/airflow/example_dags/example_trigger_target_dag.py                  11  0.04s             0           0
/usr/local/lib/python3.7/site-packages/airflow/example_dags/example_skip_dag.py                                                  0           0
/usr/local/lib/python3.7/site-packages/airflow/example_dags/tutorial.py                                                          0           0
/usr/local/lib/python3.7/site-packages/airflow/example_dags/example_docker_operator.py                     12  0.01s             0           0
/usr/local/lib/python3.7/site-packages/airflow/example_dags/subdags/subdag.py                                                    0           0
================================================================================
[2020-03-23 19:02:56,546] {dag_processing.py:1292} INFO - Finding 'running' jobs without a recent heartbeat
[2020-03-23 19:02:56,598] {dag_processing.py:1296} INFO - Failing jobs without heartbeat after 2020-03-23 18:57:56.553754+00:00
[2020-03-23 19:03:06,924] {dag_processing.py:1292} INFO - Finding 'running' jobs without a recent heartbeat
[2020-03-23 19:03:06,929] {dag_processing.py:1296} INFO - Failing jobs without heartbeat after 2020-03-23 18:58:06.929562+00:00
[2020-03-23 19:03:17,349] {dag_processing.py:1292} INFO - Finding 'running' jobs without a recent heartbeat
[2020-03-23 19:03:17,357] {dag_processing.py:1296} INFO - Failing jobs without heartbeat after 2020-03-23 18:58:17.357096+00:00
[2020-03-23 19:03:17,432] {dag_processing.py:1029} INFO - 
================================================================================
DAG File Processing Stats

File Path                                                                                                 PID  Runtime      # DAGs    # Errors  Last Runtime    Last Run
------------------------------------------------------------------------------------------------------  -----  ---------  --------  ----------  --------------  -------------------
/usr/local/lib/python3.7/site-packages/airflow/example_dags/example_passing_params_via_test_command.py                           0           0  0.76s           2020-03-23T19:03:11
/usr/local/lib/python3.7/site-packages/airflow/example_dags/example_bash_operator.py                       86  0.01s             0           0  1.21s           2020-03-23T19:03:07
/usr/local/lib/python3.7/site-packages/airflow/example_dags/docker_copy_data.py                                                  0           0  1.06s           2020-03-23T19:03:17
/usr/local/lib/python3.7/site-packages/airflow/example_dags/example_python_operator.py                                           0           0  1.02s           2020-03-23T19:03:16
/usr/local/lib/python3.7/site-packages/airflow/example_dags/example_docker_swarm_operator.py                                     0           0  2.14s           2020-03-23T19:03:15
/usr/local/lib/python3.7/site-packages/airflow/example_dags/example_trigger_controller_dag.py                                    0           0  0.25s           2020-03-23T19:03:07
/usr/local/lib/python3.7/site-packages/airflow/example_dags/example_complex.py                                                   0           0  0.75s           2020-03-23T19:03:09
/usr/local/lib/python3.7/site-packages/airflow/example_dags/example_xcom.py                                                      0           0  0.75s           2020-03-23T19:03:09
/usr/local/lib/python3.7/site-packages/airflow/example_dags/test_utils.py                                                        0           0  1.02s           2020-03-23T19:03:04
/usr/local/lib/python3.7/site-packages/airflow/example_dags/example_pig_operator.py                                              0           0  2.48s           2020-03-23T19:03:15
/usr/local/lib/python3.7/site-packages/airflow/example_dags/example_short_circuit_operator.py                                    0           0  0.27s           2020-03-23T19:03:09
/usr/local/lib/python3.7/site-packages/airflow/example_dags/example_subdag_operator.py                                           0           0  1.06s           2020-03-23T19:03:17
/usr/local/lib/python3.7/site-packages/airflow/example_dags/example_branch_python_dop_operator_3.py                              0           0  1.02s           2020-03-23T19:03:10
/usr/local/lib/python3.7/site-packages/airflow/example_dags/example_latest_only_with_trigger.py                                  0           0  0.25s           2020-03-23T19:03:11
/usr/local/lib/python3.7/site-packages/airflow/example_dags/example_latest_only.py                                               0           0  0.74s           2020-03-23T19:03:08
/usr/local/lib/python3.7/site-packages/airflow/example_dags/example_branch_operator.py                                           0           0  0.26s           2020-03-23T19:03:09
/usr/local/lib/python3.7/site-packages/airflow/example_dags/example_external_task_marker_dag.py                                  0           0  0.75s           2020-03-23T19:03:08
/usr/local/lib/python3.7/site-packages/airflow/example_dags/example_http_operator.py                                             0           0  0.26s           2020-03-23T19:03:07
/usr/local/lib/python3.7/site-packages/airflow/example_dags/example_trigger_target_dag.py                                        0           0  1.03s           2020-03-23T19:03:12
/usr/local/lib/python3.7/site-packages/airflow/example_dags/example_skip_dag.py                                                  0           0  1.01s           2020-03-23T19:03:10
/usr/local/lib/python3.7/site-packages/airflow/example_dags/tutorial.py                                                          0           0  1.02s           2020-03-23T19:03:16
/usr/local/lib/python3.7/site-packages/airflow/example_dags/example_docker_operator.py                                           0           0  1.01s           2020-03-23T19:03:12
/usr/local/lib/python3.7/site-packages/airflow/example_dags/subdags/subdag.py                              87  0.01s             0           0  0.78s           2020-03-23T19:03:07
================================================================================
[2020-03-23 19:03:21,715] {dag_processing.py:804} INFO - Exiting gracefully upon receiving signal 15
[2020-03-23 19:03:21,714] {dag_processing.py:804} INFO - Exiting gracefully upon receiving signal 15
[2020-03-23 19:03:21,712] {dag_processing.py:804} INFO - Exiting gracefully upon receiving signal 15
[2020-03-23 19:03:21,851] {dag_processing.py:1378} INFO - Waiting up to 5 seconds for processes to exit...
